<?xml version="1.0" encoding="UTF-8"?>
<testsuite xmlns:xsi="http://www.w3.org/2001/XMLSchema-instance" xsi:noNamespaceSchemaLocation="https://maven.apache.org/surefire/maven-surefire-plugin/xsd/surefire-test-report.xsd" version="3.0.2" name="com.cognizant.springbootdemo.CarPurchaseServiceTest" time="0.669" tests="29" errors="0" skipped="0" failures="0" flakes="0">
  <properties>
[...]
</properties>
  <testcase name="rejectsInvalidDownPaymentPercentage" classname="validation" time="0.277"/>
  <testcase name="rejectsNegativeInterestRateForEmi" classname="validation" time="0.004"/>
  <testcase name="rejectsNegativeBudget" classname="validation" time="0.006"/>
  <testcase name="rejectsInvalidCarPriceForEligibility" classname="validation" time="0.006"/>
  <testcase name="rejectsBlankBuyerName" classname="validation" time="0.005"/>
  <testcase name="rejectsInvalidCarPriceForDownPayment" classname="validation" time="0.003"/>
  <testcase name="rejectsInvalidCarPriceForRecommendation" classname="validation" time="0.005"/>
  <testcase name="rejectsNullProfile" classname="validation" time="0.005"/>
  <testcase name="rejectsInvalidCarPriceForLoanAmount" classname="validation" time="0.002"/>
  <testcase name="rejectsBlankCarModel" classname="validation" time="0.004"/>
  <testcase name="rejectsNegativeDownPayment" classname="validation" time="0.003"/>
  <testcase name="rejectsInvalidLoanAmountForEmi" classname="validation" time="0.003"/>
  <testcase name="rejectsInvalidCreditScore" classname="validation" time="0.003"/>
  <testcase name="rejectsInvalidTenureForEmi" classname="validation" time="0.003"/>
  <testcase name="recommendsPurchaseType(int, int, int, String)[1]" classname="purchase decisions" time="0.045"/>
  <testcase name="recommendsPurchaseType(int, int, int, String)[2]" classname="purchase decisions" time="0.002"/>
  <testcase name="recommendsPurchaseType(int, int, int, String)[3]" classname="purchase decisions" time="0.001"/>
  <testcase name="checksPremiumCarEligibility(int, int, int, boolean)[1]" classname="purchase decisions" time="0.005"/>
  <testcase name="checksPremiumCarEligibility(int, int, int, boolean)[2]" classname="purchase decisions" time="0.002"/>
  <testcase name="checksPremiumCarEligibility(int, int, int, boolean)[3]" classname="purchase decisions" time="0.001"/>
  <testcase name="calculatesDownPaymentForDifferentPercentages(int, int, int)[1]" classname="payment calculations" time="0.01"/>
  <testcase name="calculatesDownPaymentForDifferentPercentages(int, int, int)[2]" classname="payment calculations" time="0.002"/>
  <testcase name="calculatesDownPaymentForDifferentPercentages(int, int, int)[3]" classname="payment calculations" time="0.002"/>
  <testcase name="calculatesDownPaymentForDifferentPercentages(int, int, int)[4]" classname="payment calculations" time="0.002"/>
  <testcase name="calculatesEmiWithInterest" classname="payment calculations" time="0.008"/>
  <testcase name="calculatesLoanAmountAfterDownPayment(int, int, int)[1]" classname="payment calculations" time="0.002"/>
  <testcase name="calculatesLoanAmountAfterDownPayment(int, int, int)[2]" classname="payment calculations" time="0.001"/>
  <testcase name="calculatesLoanAmountAfterDownPayment(int, int, int)[3]" classname="payment calculations" time="0.002"/>
  <testcase name="calculatesEmiWithoutInterest" classname="payment calculations" time="0.003"/>
</testsuite>