<?xml version="1.0" encoding="UTF-8"?>
<testsuite xmlns:xsi="http://www.w3.org/2001/XMLSchema-instance" xsi:noNamespaceSchemaLocation="https://maven.apache.org/surefire/maven-surefire-plugin/xsd/surefire-test-report.xsd" version="3.0.2" name="com.cognizant.springbootdemo.SpringBootDemoApplicationTests" time="2.794" tests="7" errors="0" skipped="0" failures="0" flakes="0">
  <properties>
[...]
</properties>
  <testcase name="calculatesLoanAmount" classname="com.cognizant.springbootdemo.SpringBootDemoApplicationTests" time="0.018">
    <system-out><![CDATA[21:28:55.547 [main] INFO org.springframework.test.context.support.AnnotationConfigContextLoaderUtils -- Could not detect default configuration classes for test class [com.cognizant.springbootdemo.SpringBootDemoApplicationTests]: SpringBootDemoApplicationTests does not declare any static, non-private, non-final, nested classes annotated with @Configuration.
21:28:55.865 [main] INFO org.springframework.boot.test.context.SpringBootTestContextBootstrapper -- Found @SpringBootConfiguration com.cognizant.springbootdemo.SpringBootDemoApplication for test class com.cognizant.springbootdemo.SpringBootDemoApplicationTests

  .   ____          _            __ _ _
 /\\ / ___'_ __ _ _(_)_ __  __ _ \ \ \ \
( ( )\___ | '_ | '_| | '_ \/ _` | \ \ \ \
 \\/  ___)| |_)| | | | | || (_| |  ) ) ) )
  '  |____| .__|_| |_|_| |_\__, | / / / /
 =========|_|==============|___/=/_/_/_/

 :: Spring Boot ::               (v3.5.16)

2026-07-05T21:28:56.902+05:30  INFO 23724 --- [SpringBootDemo] [           main] c.c.s.SpringBootDemoApplicationTests     : Starting SpringBootDemoApplicationTests using Java 21.0.4 with PID 23724 (started by Asus in D:\Cognizant\src\Cognizant_DN\DeepSkilling\Week_4\sonarqube\SpringBootDemo)
2026-07-05T21:28:56.905+05:30  INFO 23724 --- [SpringBootDemo] [           main] c.c.s.SpringBootDemoApplicationTests     : No active profile set, falling back to 1 default profile: "default"
2026-07-05T21:28:57.722+05:30  INFO 23724 --- [SpringBootDemo] [           main] c.c.s.SpringBootDemoApplicationTests     : Started SpringBootDemoApplicationTests in 1.467 seconds (process running for 6.282)
]]></system-out>
  </testcase>
  <testcase name="recommendsLoanWhenBudgetIsLowerButCreditScoreIsGood" classname="com.cognizant.springbootdemo.SpringBootDemoApplicationTests" time="0.003"/>
  <testcase name="marksBuyerEligibleForPremiumCar" classname="com.cognizant.springbootdemo.SpringBootDemoApplicationTests" time="0.004"/>
  <testcase name="createsDefaultCarPurchaseProfileForRishabhDubey" classname="com.cognizant.springbootdemo.SpringBootDemoApplicationTests" time="0.003"/>
  <testcase name="calculatesDownPayment" classname="com.cognizant.springbootdemo.SpringBootDemoApplicationTests" time="0.003"/>
  <testcase name="createsPurchaseSummaryWithTrimmedBuyerName" classname="com.cognizant.springbootdemo.SpringBootDemoApplicationTests" time="0.004"/>
  <testcase name="contextLoads" classname="com.cognizant.springbootdemo.SpringBootDemoApplicationTests" time="0.004"/>
</testsuite>